<?xml version="1.0" encoding="UTF-8"?>
<!-- Generated by org.testng.reporters.JUnitReportReporter -->
<testsuite hostname="INPU5CD141LJR0" failures="1" tests="3" name="CucumberOptions.TestNGTestRunner" time="96.000" errors="0" timestamp="2024-05-08T14:51:57 IST" skipped="0">
  <testcase classname="CucumberOptions.TestNGTestRunner" name="runScenario" time="30.670">
    <failure message="expected [No data] but found [Beetroot]" type="java.lang.AssertionError">
      <![CDATA[java.lang.AssertionError: expected [No data] but found [Beetroot]
at org.testng.Assert.fail(Assert.java:111)
at org.testng.Assert.failNotEquals(Assert.java:1578)
at org.testng.Assert.assertEqualsImpl(Assert.java:150)
at org.testng.Assert.assertEquals(Assert.java:132)
at org.testng.Assert.assertEquals(Assert.java:656)
at org.testng.Assert.assertEquals(Assert.java:666)
at stepDefinations.GreenkartStepDefination2.validate_product_name_in_offers_page_matched_with_Landing_page(GreenkartStepDefination2.java:52)
at ✽.validate product name in offers page matched with Landing page(file:///C:/Users/ARMY/eclipse-workspace/Cucumber_Framework_scratch/src/test/java/Features/SearchProduct.feature:9)
]]>
    </failure>
  </testcase> <!-- runScenario -->
  <testcase classname="CucumberOptions.TestNGTestRunner" name="runScenario" time="32.481"/>
  <testcase classname="CucumberOptions.TestNGTestRunner" name="runScenario" time="32.849"/>
</testsuite> <!-- CucumberOptions.TestNGTestRunner -->
